  main.cpp
d:\profiles\njp2424\desktop\physics\level3\graphics-glfw-fluid-eularian-mastervs2019\fluideularian\main.cpp(222): warning C4244: '=': conversion from 'double' to 'float', possible loss of data
d:\profiles\njp2424\desktop\physics\level3\graphics-glfw-fluid-eularian-mastervs2019\fluideularian\main.cpp(223): warning C4244: '=': conversion from 'double' to 'float', possible loss of data
d:\profiles\njp2424\desktop\physics\level3\graphics-glfw-fluid-eularian-mastervs2019\fluideularian\main.cpp(224): warning C4244: '=': conversion from 'double' to 'float', possible loss of data
d:\profiles\njp2424\desktop\physics\level3\graphics-glfw-fluid-eularian-mastervs2019\fluideularian\main.cpp(225): warning C4244: '=': conversion from 'double' to 'float', possible loss of data
d:\profiles\njp2424\desktop\physics\level3\graphics-glfw-fluid-eularian-mastervs2019\fluideularian\main.cpp(240): warning C4244: '=': conversion from 'double' to 'T', possible loss of data
          with
          [
              T=float
          ]
d:\profiles\njp2424\desktop\physics\level3\graphics-glfw-fluid-eularian-mastervs2019\fluideularian\main.cpp(241): warning C4244: '=': conversion from 'double' to 'T', possible loss of data
          with
          [
              T=float
          ]
d:\profiles\njp2424\desktop\physics\level3\graphics-glfw-fluid-eularian-mastervs2019\fluideularian\main.cpp(242): warning C4244: '=': conversion from 'double' to 'T', possible loss of data
          with
          [
              T=float
          ]
d:\profiles\njp2424\desktop\physics\level3\graphics-glfw-fluid-eularian-mastervs2019\fluideularian\main.cpp(243): warning C4244: '=': conversion from 'double' to 'T', possible loss of data
          with
          [
              T=float
          ]
d:\profiles\njp2424\desktop\physics\level3\graphics-glfw-fluid-eularian-mastervs2019\fluideularian\main.cpp(251): warning C4244: '=': conversion from 'double' to 'T', possible loss of data
          with
          [
              T=float
          ]
d:\profiles\njp2424\desktop\physics\level3\graphics-glfw-fluid-eularian-mastervs2019\fluideularian\main.cpp(252): warning C4244: '=': conversion from 'double' to 'T', possible loss of data
          with
          [
              T=float
          ]
d:\profiles\njp2424\desktop\physics\level3\graphics-glfw-fluid-eularian-mastervs2019\fluideularian\main.cpp(253): warning C4244: '=': conversion from 'double' to 'T', possible loss of data
          with
          [
              T=float
          ]
d:\profiles\njp2424\desktop\physics\level3\graphics-glfw-fluid-eularian-mastervs2019\fluideularian\main.cpp(254): warning C4244: '=': conversion from 'double' to 'T', possible loss of data
          with
          [
              T=float
          ]
d:\profiles\njp2424\desktop\physics\level3\graphics-glfw-fluid-eularian-mastervs2019\fluideularian\main.cpp(337): warning C4305: '=': truncation from 'double' to 'float'
d:\profiles\njp2424\desktop\physics\level3\graphics-glfw-fluid-eularian-mastervs2019\fluideularian\main.cpp(430): warning C4244: '=': conversion from 'T' to 'int', possible loss of data
          with
          [
              T=float
          ]
d:\profiles\njp2424\desktop\physics\level3\graphics-glfw-fluid-eularian-mastervs2019\fluideularian\main.cpp(431): warning C4244: '=': conversion from 'T' to 'int', possible loss of data
          with
          [
              T=float
          ]
d:\profiles\njp2424\desktop\physics\level3\graphics-glfw-fluid-eularian-mastervs2019\fluideularian\main.cpp(624): warning C4244: 'argument': conversion from 'double' to 'float', possible loss of data
d:\profiles\njp2424\desktop\physics\level3\graphics-glfw-fluid-eularian-mastervs2019\fluideularian\main.cpp(689): warning C4326: return type of 'main' should be 'int' instead of 'void'
  FluidEularian.vcxproj -> D:\Profiles\njp2424\Desktop\Physics\level3\graphics-glfw-fluid-Eularian-masterVS2019\FluidEularian\Debug\FluidEularian.exe
